<?xml version="1.0" encoding="UTF-8"?>
<testng-results skipped="0" failed="0" ignored="0" total="4" passed="4">
  <reporter-output>
  </reporter-output>
  <suite name="Suite de TestNG" duration-ms="95" started-at="2021-01-18T22:05:16 BRT" finished-at="2021-01-18T22:05:16 BRT">
    <groups>
      <group name="unitarios">
        <method signature="Pacote2Teste1.pacote2Teste1()[pri:0, instance:br.com.projeto.testsNovos.Pacote2Teste1@3fd7a715]" name="pacote2Teste1" class="br.com.projeto.testsNovos.Pacote2Teste1"/>
        <method signature="Pacote2Teste1.pacote2Teste2()[pri:0, instance:br.com.projeto.testsNovos.Pacote2Teste1@3fd7a715]" name="pacote2Teste2" class="br.com.projeto.testsNovos.Pacote2Teste1"/>
        <method signature="Pacote2Teste1.pacote2Teste3()[pri:0, instance:br.com.projeto.testsNovos.Pacote2Teste1@3fd7a715]" name="pacote2Teste3" class="br.com.projeto.testsNovos.Pacote2Teste1"/>
        <method signature="Pacote2Teste1.pacote2Teste4()[pri:0, instance:br.com.projeto.testsNovos.Pacote2Teste1@3fd7a715]" name="pacote2Teste4" class="br.com.projeto.testsNovos.Pacote2Teste1"/>
      </group> <!-- unitarios -->
      <group name="testeQualquer">
        <method signature="Pacote2Teste1.pacote2Teste1()[pri:0, instance:br.com.projeto.testsNovos.Pacote2Teste1@3fd7a715]" name="pacote2Teste1" class="br.com.projeto.testsNovos.Pacote2Teste1"/>
        <method signature="Pacote2Teste1.pacote2Teste2()[pri:0, instance:br.com.projeto.testsNovos.Pacote2Teste1@3fd7a715]" name="pacote2Teste2" class="br.com.projeto.testsNovos.Pacote2Teste1"/>
        <method signature="Pacote2Teste1.pacote2Teste3()[pri:0, instance:br.com.projeto.testsNovos.Pacote2Teste1@3fd7a715]" name="pacote2Teste3" class="br.com.projeto.testsNovos.Pacote2Teste1"/>
        <method signature="Pacote2Teste1.pacote2Teste4()[pri:0, instance:br.com.projeto.testsNovos.Pacote2Teste1@3fd7a715]" name="pacote2Teste4" class="br.com.projeto.testsNovos.Pacote2Teste1"/>
      </group> <!-- testeQualquer -->
    </groups>
    <test name="Teste Listerner" duration-ms="95" started-at="2021-01-18T22:05:16 BRT" finished-at="2021-01-18T22:05:16 BRT">
      <class name="br.com.projeto.testsNovos.Pacote2Teste1">
        <test-method status="PASS" signature="antesClasse()[pri:0, instance:br.com.projeto.testsNovos.Pacote2Teste1@3fd7a715]" name="antesClasse" is-config="true" duration-ms="10" started-at="2021-01-18T22:05:16 BRT" finished-at="2021-01-18T22:05:16 BRT">
          <reporter-output>
          </reporter-output>
        </test-method> <!-- antesClasse -->
        <test-method status="PASS" signature="pacote2Teste1()[pri:0, instance:br.com.projeto.testsNovos.Pacote2Teste1@3fd7a715]" name="pacote2Teste1" duration-ms="8" started-at="2021-01-18T22:05:16 BRT" finished-at="2021-01-18T22:05:16 BRT">
          <reporter-output>
          </reporter-output>
        </test-method> <!-- pacote2Teste1 -->
        <test-method status="PASS" signature="pacote2Teste2()[pri:0, instance:br.com.projeto.testsNovos.Pacote2Teste1@3fd7a715]" name="pacote2Teste2" duration-ms="4" started-at="2021-01-18T22:05:16 BRT" finished-at="2021-01-18T22:05:16 BRT">
          <reporter-output>
          </reporter-output>
        </test-method> <!-- pacote2Teste2 -->
        <test-method status="PASS" signature="pacote2Teste3()[pri:0, instance:br.com.projeto.testsNovos.Pacote2Teste1@3fd7a715]" name="pacote2Teste3" duration-ms="2" started-at="2021-01-18T22:05:16 BRT" finished-at="2021-01-18T22:05:16 BRT">
          <reporter-output>
          </reporter-output>
        </test-method> <!-- pacote2Teste3 -->
        <test-method status="PASS" signature="pacote2Teste4()[pri:0, instance:br.com.projeto.testsNovos.Pacote2Teste1@3fd7a715]" name="pacote2Teste4" duration-ms="3" started-at="2021-01-18T22:05:16 BRT" finished-at="2021-01-18T22:05:16 BRT">
          <reporter-output>
          </reporter-output>
        </test-method> <!-- pacote2Teste4 -->
        <test-method status="PASS" signature="depoisClasse()[pri:0, instance:br.com.projeto.testsNovos.Pacote2Teste1@3fd7a715]" name="depoisClasse" is-config="true" duration-ms="1" started-at="2021-01-18T22:05:16 BRT" finished-at="2021-01-18T22:05:16 BRT">
          <reporter-output>
          </reporter-output>
        </test-method> <!-- depoisClasse -->
      </class> <!-- br.com.projeto.testsNovos.Pacote2Teste1 -->
    </test> <!-- Teste Listerner -->
  </suite> <!-- Suite de TestNG -->
</testng-results>
