<?xml version="1.0" encoding="UTF-8"?>
<!-- Generated by org.testng.reporters.JUnitXMLReporter -->
<testsuite hostname="x-treme" ignored="1" name="Default test" tests="3" failures="0" timestamp="2021-01-02T17:04:11 BRT" time="0.089" errors="0">
  <testcase name="teste1" time="0.006" classname="br.com.projeto.tests.Testes"/>
  <testcase name="teste2" time="0.001" classname="br.com.projeto.tests.Testes"/>
  <testcase name="teste4" time="0.001" classname="br.com.projeto.tests.Testes"/>
  <testcase name="teste3" time="0.0" classname="br.com.projeto.tests.Testes">
    <ignored/>
  </testcase> <!-- teste3 -->
</testsuite> <!-- Default test -->
