<?xml version="1.0" encoding="UTF-8"?>
<!-- Generated by org.testng.reporters.JUnitXMLReporter -->
<testsuite hostname="x-treme" ignored="0" name="Teste Metodos" tests="4" failures="0" timestamp="2021-01-04T19:05:39 BRT" time="0.084" errors="0">
  <testcase name="saudacao" time="0.012" classname="br.com.projeto.testesRetorno.TestesRetorno"/>
  <testcase name="teste3classeRetorno" time="0.003" classname="br.com.projeto.testesRetorno.TestesRetorno"/>
  <testcase name="teste4classeRetorno" time="0.002" classname="br.com.projeto.testesRetorno.TestesRetorno"/>
  <testcase name="verdadeiroFalso" time="0.002" classname="br.com.projeto.testesRetorno.TestesRetorno"/>
</testsuite> <!-- Teste Metodos -->
