<?xml version="1.0" encoding="UTF-8"?>
<!-- Generated by org.testng.reporters.JUnitXMLReporter -->
<testsuite hostname="x-treme" ignored="0" name="Teste Listerner" tests="4" failures="0" timestamp="2021-01-18T22:05:16 BRT" time="0.095" errors="0">
  <testcase name="pacote2Teste1" time="0.008" classname="br.com.projeto.testsNovos.Pacote2Teste1"/>
  <testcase name="pacote2Teste2" time="0.004" classname="br.com.projeto.testsNovos.Pacote2Teste1"/>
  <testcase name="pacote2Teste3" time="0.002" classname="br.com.projeto.testsNovos.Pacote2Teste1"/>
  <testcase name="pacote2Teste4" time="0.003" classname="br.com.projeto.testsNovos.Pacote2Teste1"/>
</testsuite> <!-- Teste Listerner -->
