<?xml version="1.0" encoding="UTF-8"?>
<!-- Generated by org.testng.reporters.JUnitXMLReporter -->
<testsuite hostname="x-treme" ignored="1" name="Testes do pacote 1" tests="11" failures="0" timestamp="2021-01-02T18:34:37 BRT" time="0.147" errors="0">
  <testcase name="teste1Classe2" time="0.008" classname="br.com.projeto.tests.TesteClasse2"/>
  <testcase name="teste2Classe2" time="0.003" classname="br.com.projeto.tests.TesteClasse2"/>
  <testcase name="teste3Classe2" time="0.005" classname="br.com.projeto.tests.TesteClasse2"/>
  <testcase name="teste4Classe2" time="0.005" classname="br.com.projeto.tests.TesteClasse2"/>
  <testcase name="pacote2Teste1" time="0.002" classname="br.com.projeto.testsNovos.Pacote2Teste1"/>
  <testcase name="pacote2Teste2" time="0.007" classname="br.com.projeto.testsNovos.Pacote2Teste1"/>
  <testcase name="pacote2Teste3" time="0.002" classname="br.com.projeto.testsNovos.Pacote2Teste1"/>
  <testcase name="pacote2Teste4" time="0.003" classname="br.com.projeto.testsNovos.Pacote2Teste1"/>
  <testcase name="teste1" time="0.003" classname="br.com.projeto.tests.Testes"/>
  <testcase name="teste2" time="0.001" classname="br.com.projeto.tests.Testes"/>
  <testcase name="teste4" time="0.001" classname="br.com.projeto.tests.Testes"/>
  <testcase name="teste3" time="0.0" classname="br.com.projeto.tests.Testes">
    <ignored/>
  </testcase> <!-- teste3 -->
</testsuite> <!-- Testes do pacote 1 -->
